<?xml version="1.0" encoding="UTF-8"?>
<!-- Generated by org.testng.reporters.JUnitReportReporter -->
<testsuite hostname="LAPTOP-56N481MG" failures="0" tests="1" name="apptest.TestApp" time="7.813" errors="0" timestamp="2024-04-01T11:58:02 IST" skipped="0">
  <testcase classname="apptest.TestApp" name="Main" time="7.813"/>
</testsuite> <!-- apptest.TestApp -->
